#! /usr/bin/vvp
:ivl_version "12.0 (stable)";
:ivl_delay_selection "TYPICAL";
:vpi_time_precision - 9;
:vpi_module "/usr/lib64/ivl/system.vpi";
:vpi_module "/usr/lib64/ivl/vhdl_sys.vpi";
:vpi_module "/usr/lib64/ivl/vhdl_textio.vpi";
:vpi_module "/usr/lib64/ivl/v2005_math.vpi";
:vpi_module "/usr/lib64/ivl/va_math.vpi";
S_0x556da12fdef0 .scope module, "teste" "teste" 2 4;
 .timescale -9 -9;
v0x556da1320600_0 .var "a", 31 0;
v0x556da13206e0_0 .var "alu_ctrl", 3 0;
v0x556da13207a0_0 .var "b", 31 0;
v0x556da13208c0_0 .net "carry_out", 0 0, L_0x556da132ff70;  1 drivers
o0x7fe744e96748 .functor BUFZ 1, C4<z>; HiZ drive
v0x556da1320960_0 .net "overflow", 0 0, o0x7fe744e96748;  0 drivers
v0x556da1320a00_0 .net "result", 31 0, v0x556da13202b0_0;  1 drivers
v0x556da1320aa0_0 .net "zero", 0 0, L_0x556da1341020;  1 drivers
S_0x556da12d5830 .scope module, "DUT" "ALU" 2 16, 3 1 0, S_0x556da12fdef0;
 .timescale 0 0;
    .port_info 0 /INPUT 32 "a";
    .port_info 1 /INPUT 32 "b";
    .port_info 2 /INPUT 4 "alu_ctrl";
    .port_info 3 /OUTPUT 32 "result";
    .port_info 4 /OUTPUT 1 "zero";
    .port_info 5 /OUTPUT 1 "carry_out";
    .port_info 6 /OUTPUT 1 "overflow";
L_0x7fe744e48060 .functor BUFT 1, C4<00000000000000000000000000000000>, C4<0>, C4<0>, C4<0>;
v0x556da131fb80_0 .net/2u *"_ivl_0", 31 0, L_0x7fe744e48060;  1 drivers
v0x556da131fc80_0 .net *"_ivl_2", 0 0, L_0x556da1340f80;  1 drivers
L_0x7fe744e480a8 .functor BUFT 1, C4<1>, C4<0>, C4<0>, C4<0>;
v0x556da131fd40_0 .net/2u *"_ivl_4", 0 0, L_0x7fe744e480a8;  1 drivers
L_0x7fe744e480f0 .functor BUFT 1, C4<0>, C4<0>, C4<0>, C4<0>;
v0x556da131fe00_0 .net/2u *"_ivl_6", 0 0, L_0x7fe744e480f0;  1 drivers
v0x556da131fee0_0 .net "a", 31 0, v0x556da1320600_0;  1 drivers
v0x556da131fff0_0 .net "alu_ctrl", 3 0, v0x556da13206e0_0;  1 drivers
v0x556da13200b0_0 .net "b", 31 0, v0x556da13207a0_0;  1 drivers
v0x556da1320170_0 .net "carry_out", 0 0, L_0x556da132ff70;  alias, 1 drivers
v0x556da1320210_0 .net "overflow", 0 0, o0x7fe744e96748;  alias, 0 drivers
v0x556da13202b0_0 .var "result", 31 0;
v0x556da1320390_0 .net "sumResult", 31 0, L_0x556da1330a90;  1 drivers
v0x556da1320480_0 .net "zero", 0 0, L_0x556da1341020;  alias, 1 drivers
E_0x556da12aa990 .event anyedge, v0x556da131fff0_0, v0x556da131f640_0, v0x556da131f740_0, v0x556da131f910_0;
L_0x556da1340f80 .cmp/eq 32, v0x556da13202b0_0, L_0x7fe744e48060;
L_0x556da1341020 .functor MUXZ 1, L_0x7fe744e480f0, L_0x7fe744e480a8, L_0x556da1340f80, C4<>;
S_0x556da12d5230 .scope module, "s1" "somador32bit" 3 12, 4 1 0, S_0x556da12d5830;
 .timescale 0 0;
    .port_info 0 /INPUT 32 "A";
    .port_info 1 /INPUT 32 "B";
    .port_info 2 /OUTPUT 32 "Sum";
    .port_info 3 /OUTPUT 1 "Cout";
v0x556da131f640_0 .net "A", 31 0, v0x556da1320600_0;  alias, 1 drivers
v0x556da131f740_0 .net "B", 31 0, v0x556da13207a0_0;  alias, 1 drivers
v0x556da131f820_0 .net "Cout", 0 0, L_0x556da132ff70;  alias, 1 drivers
v0x556da131f910_0 .net "Sum", 31 0, L_0x556da1330a90;  alias, 1 drivers
v0x556da131f9d0_0 .net "cout", 2 0, L_0x556da132ca50;  1 drivers
L_0x556da1324ae0 .part v0x556da1320600_0, 0, 8;
L_0x556da1324b80 .part v0x556da13207a0_0, 0, 8;
L_0x556da13289a0 .part v0x556da1320600_0, 8, 8;
L_0x556da1328a40 .part v0x556da13207a0_0, 8, 8;
L_0x556da1328ae0 .part L_0x556da132ca50, 0, 1;
L_0x556da132ca50 .concat8 [ 1 1 1 0], L_0x556da1324190, L_0x556da1327e30, L_0x556da132bee0;
L_0x556da132cb40 .part v0x556da1320600_0, 16, 8;
L_0x556da132cbe0 .part v0x556da13207a0_0, 16, 8;
L_0x556da132ccd0 .part L_0x556da132ca50, 1, 1;
L_0x556da1330a90 .concat8 [ 8 8 8 8], L_0x556da13242f0, L_0x556da1327f90, L_0x556da132c040, L_0x556da1330080;
L_0x556da1330d20 .part v0x556da1320600_0, 24, 8;
L_0x556da1330dc0 .part v0x556da13207a0_0, 24, 8;
L_0x556da1330ed0 .part L_0x556da132ca50, 2, 1;
S_0x556da12ca2c0 .scope module, "s0" "somador8bit" 4 11, 5 1 0, S_0x556da12d5230;
 .timescale 0 0;
    .port_info 0 /OUTPUT 8 "Sum";
    .port_info 1 /OUTPUT 1 "Cout";
    .port_info 2 /INPUT 8 "A";
    .port_info 3 /INPUT 8 "B";
    .port_info 4 /INPUT 1 "Cin";
v0x556da130f250_0 .net "A", 7 0, L_0x556da1324ae0;  1 drivers
v0x556da130f350_0 .net "B", 7 0, L_0x556da1324b80;  1 drivers
L_0x7fe744e48018 .functor BUFT 1, C4<0>, C4<0>, C4<0>, C4<0>;
v0x556da130f430_0 .net "Cin", 0 0, L_0x7fe744e48018;  1 drivers
v0x556da130f500_0 .net "Cout", 0 0, L_0x556da1324190;  1 drivers
v0x556da130f5d0_0 .net "Sum", 7 0, L_0x556da13242f0;  1 drivers
v0x556da130f6c0_0 .net "cout", 6 0, L_0x556da13238e0;  1 drivers
L_0x556da1320f20 .part L_0x556da1324ae0, 0, 1;
L_0x556da1320fc0 .part L_0x556da1324b80, 0, 1;
L_0x556da1321560 .part L_0x556da1324ae0, 1, 1;
L_0x556da1321650 .part L_0x556da1324b80, 1, 1;
L_0x556da1321770 .part L_0x556da13238e0, 0, 1;
L_0x556da1321c80 .part L_0x556da1324ae0, 2, 1;
L_0x556da1321d60 .part L_0x556da1324b80, 2, 1;
L_0x556da1321e00 .part L_0x556da13238e0, 1, 1;
L_0x556da1322380 .part L_0x556da1324ae0, 3, 1;
L_0x556da13224b0 .part L_0x556da1324b80, 3, 1;
L_0x556da1322640 .part L_0x556da13238e0, 2, 1;
L_0x556da1322a90 .part L_0x556da1324ae0, 4, 1;
L_0x556da1322ba0 .part L_0x556da1324b80, 4, 1;
L_0x556da1322c40 .part L_0x556da13238e0, 3, 1;
L_0x556da13231d0 .part L_0x556da1324ae0, 5, 1;
L_0x556da1323270 .part L_0x556da1324b80, 5, 1;
L_0x556da13233a0 .part L_0x556da13238e0, 4, 1;
LS_0x556da13238e0_0_0 .concat8 [ 1 1 1 1], L_0x556da1320e10, L_0x556da1321450, L_0x556da1321b70, L_0x556da1322270;
LS_0x556da13238e0_0_4 .concat8 [ 1 1 1 0], L_0x556da1322980, L_0x556da13230c0, L_0x556da13237d0;
L_0x556da13238e0 .concat8 [ 4 3 0 0], LS_0x556da13238e0_0_0, LS_0x556da13238e0_0_4;
L_0x556da1323ca0 .part L_0x556da1324ae0, 6, 1;
L_0x556da1323d40 .part L_0x556da1324b80, 6, 1;
L_0x556da1323c00 .part L_0x556da13238e0, 5, 1;
LS_0x556da13242f0_0_0 .concat8 [ 1 1 1 1], L_0x556da12e1ba0, L_0x556da1321130, L_0x556da1321880, L_0x556da1321fb0;
LS_0x556da13242f0_0_4 .concat8 [ 1 1 1 1], L_0x556da1322750, L_0x556da1322df0, L_0x556da13234b0, L_0x556da1323f00;
L_0x556da13242f0 .concat8 [ 4 4 0 0], LS_0x556da13242f0_0_0, LS_0x556da13242f0_0_4;
L_0x556da1324720 .part L_0x556da1324ae0, 7, 1;
L_0x556da13247c0 .part L_0x556da1324b80, 7, 1;
L_0x556da1324930 .part L_0x556da13238e0, 6, 1;
S_0x556da12d6f60 .scope module, "s0" "somador1bit" 5 12, 6 1 0, S_0x556da12ca2c0;
 .timescale 0 0;
    .port_info 0 /OUTPUT 1 "S";
    .port_info 1 /OUTPUT 1 "Cout";
    .port_info 2 /INPUT 1 "A";
    .port_info 3 /INPUT 1 "B";
    .port_info 4 /INPUT 1 "Cin";
L_0x556da12c9d40 .functor XOR 1, L_0x556da1320f20, L_0x556da1320fc0, C4<0>, C4<0>;
L_0x556da12e1ba0 .functor XOR 1, L_0x556da12c9d40, L_0x7fe744e48018, C4<0>, C4<0>;
L_0x556da12ee6b0 .functor AND 1, L_0x556da1320f20, L_0x556da1320fc0, C4<1>, C4<1>;
L_0x556da1320d70 .functor AND 1, L_0x7fe744e48018, L_0x556da12c9d40, C4<1>, C4<1>;
L_0x556da1320e10 .functor OR 1, L_0x556da12ee6b0, L_0x556da1320d70, C4<0>, C4<0>;
v0x556da12adf30_0 .net "A", 0 0, L_0x556da1320f20;  1 drivers
v0x556da130b1a0_0 .net "B", 0 0, L_0x556da1320fc0;  1 drivers
v0x556da130b260_0 .net "Cin", 0 0, L_0x7fe744e48018;  alias, 1 drivers
v0x556da130b300_0 .net "Cout", 0 0, L_0x556da1320e10;  1 drivers
v0x556da130b3c0_0 .net "S", 0 0, L_0x556da12e1ba0;  1 drivers
v0x556da130b4d0_0 .net "c1", 0 0, L_0x556da12ee6b0;  1 drivers
v0x556da130b590_0 .net "c2", 0 0, L_0x556da1320d70;  1 drivers
v0x556da130b650_0 .net "s1", 0 0, L_0x556da12c9d40;  1 drivers
S_0x556da12e39e0 .scope module, "s1" "somador1bit" 5 13, 6 1 0, S_0x556da12ca2c0;
 .timescale 0 0;
    .port_info 0 /OUTPUT 1 "S";
    .port_info 1 /OUTPUT 1 "Cout";
    .port_info 2 /INPUT 1 "A";
    .port_info 3 /INPUT 1 "B";
    .port_info 4 /INPUT 1 "Cin";
L_0x556da1321060 .functor XOR 1, L_0x556da1321560, L_0x556da1321650, C4<0>, C4<0>;
L_0x556da1321130 .functor XOR 1, L_0x556da1321060, L_0x556da1321770, C4<0>, C4<0>;
L_0x556da1321220 .functor AND 1, L_0x556da1321560, L_0x556da1321650, C4<1>, C4<1>;
L_0x556da1321360 .functor AND 1, L_0x556da1321770, L_0x556da1321060, C4<1>, C4<1>;
L_0x556da1321450 .functor OR 1, L_0x556da1321220, L_0x556da1321360, C4<0>, C4<0>;
v0x556da130b820_0 .net "A", 0 0, L_0x556da1321560;  1 drivers
v0x556da130b8e0_0 .net "B", 0 0, L_0x556da1321650;  1 drivers
v0x556da130b9a0_0 .net "Cin", 0 0, L_0x556da1321770;  1 drivers
v0x556da130ba40_0 .net "Cout", 0 0, L_0x556da1321450;  1 drivers
v0x556da130bb00_0 .net "S", 0 0, L_0x556da1321130;  1 drivers
v0x556da130bc10_0 .net "c1", 0 0, L_0x556da1321220;  1 drivers
v0x556da130bcd0_0 .net "c2", 0 0, L_0x556da1321360;  1 drivers
v0x556da130bd90_0 .net "s1", 0 0, L_0x556da1321060;  1 drivers
S_0x556da12f0340 .scope module, "s2" "somador1bit" 5 14, 6 1 0, S_0x556da12ca2c0;
 .timescale 0 0;
    .port_info 0 /OUTPUT 1 "S";
    .port_info 1 /OUTPUT 1 "Cout";
    .port_info 2 /INPUT 1 "A";
    .port_info 3 /INPUT 1 "B";
    .port_info 4 /INPUT 1 "Cin";
L_0x556da1321810 .functor XOR 1, L_0x556da1321c80, L_0x556da1321d60, C4<0>, C4<0>;
L_0x556da1321880 .functor XOR 1, L_0x556da1321810, L_0x556da1321e00, C4<0>, C4<0>;
L_0x556da1321940 .functor AND 1, L_0x556da1321c80, L_0x556da1321d60, C4<1>, C4<1>;
L_0x556da1321a80 .functor AND 1, L_0x556da1321e00, L_0x556da1321810, C4<1>, C4<1>;
L_0x556da1321b70 .functor OR 1, L_0x556da1321940, L_0x556da1321a80, C4<0>, C4<0>;
v0x556da130bf40_0 .net "A", 0 0, L_0x556da1321c80;  1 drivers
v0x556da130c000_0 .net "B", 0 0, L_0x556da1321d60;  1 drivers
v0x556da130c0c0_0 .net "Cin", 0 0, L_0x556da1321e00;  1 drivers
v0x556da130c190_0 .net "Cout", 0 0, L_0x556da1321b70;  1 drivers
v0x556da130c250_0 .net "S", 0 0, L_0x556da1321880;  1 drivers
v0x556da130c360_0 .net "c1", 0 0, L_0x556da1321940;  1 drivers
v0x556da130c420_0 .net "c2", 0 0, L_0x556da1321a80;  1 drivers
v0x556da130c4e0_0 .net "s1", 0 0, L_0x556da1321810;  1 drivers
S_0x556da12fb880 .scope module, "s3" "somador1bit" 5 15, 6 1 0, S_0x556da12ca2c0;
 .timescale 0 0;
    .port_info 0 /OUTPUT 1 "S";
    .port_info 1 /OUTPUT 1 "Cout";
    .port_info 2 /INPUT 1 "A";
    .port_info 3 /INPUT 1 "B";
    .port_info 4 /INPUT 1 "Cin";
L_0x556da1321f40 .functor XOR 1, L_0x556da1322380, L_0x556da13224b0, C4<0>, C4<0>;
L_0x556da1321fb0 .functor XOR 1, L_0x556da1321f40, L_0x556da1322640, C4<0>, C4<0>;
L_0x556da1322070 .functor AND 1, L_0x556da1322380, L_0x556da13224b0, C4<1>, C4<1>;
L_0x556da1322180 .functor AND 1, L_0x556da1322640, L_0x556da1321f40, C4<1>, C4<1>;
L_0x556da1322270 .functor OR 1, L_0x556da1322070, L_0x556da1322180, C4<0>, C4<0>;
v0x556da130c690_0 .net "A", 0 0, L_0x556da1322380;  1 drivers
v0x556da130c770_0 .net "B", 0 0, L_0x556da13224b0;  1 drivers
v0x556da130c830_0 .net "Cin", 0 0, L_0x556da1322640;  1 drivers
v0x556da130c900_0 .net "Cout", 0 0, L_0x556da1322270;  1 drivers
v0x556da130c9c0_0 .net "S", 0 0, L_0x556da1321fb0;  1 drivers
v0x556da130cad0_0 .net "c1", 0 0, L_0x556da1322070;  1 drivers
v0x556da130cb90_0 .net "c2", 0 0, L_0x556da1322180;  1 drivers
v0x556da130cc50_0 .net "s1", 0 0, L_0x556da1321f40;  1 drivers
S_0x556da130cdb0 .scope module, "s4" "somador1bit" 5 16, 6 1 0, S_0x556da12ca2c0;
 .timescale 0 0;
    .port_info 0 /OUTPUT 1 "S";
    .port_info 1 /OUTPUT 1 "Cout";
    .port_info 2 /INPUT 1 "A";
    .port_info 3 /INPUT 1 "B";
    .port_info 4 /INPUT 1 "Cin";
L_0x556da13226e0 .functor XOR 1, L_0x556da1322a90, L_0x556da1322ba0, C4<0>, C4<0>;
L_0x556da1322750 .functor XOR 1, L_0x556da13226e0, L_0x556da1322c40, C4<0>, C4<0>;
L_0x556da13227f0 .functor AND 1, L_0x556da1322a90, L_0x556da1322ba0, C4<1>, C4<1>;
L_0x556da1322890 .functor AND 1, L_0x556da1322c40, L_0x556da13226e0, C4<1>, C4<1>;
L_0x556da1322980 .functor OR 1, L_0x556da13227f0, L_0x556da1322890, C4<0>, C4<0>;
v0x556da130cfe0_0 .net "A", 0 0, L_0x556da1322a90;  1 drivers
v0x556da130d0c0_0 .net "B", 0 0, L_0x556da1322ba0;  1 drivers
v0x556da130d180_0 .net "Cin", 0 0, L_0x556da1322c40;  1 drivers
v0x556da130d220_0 .net "Cout", 0 0, L_0x556da1322980;  1 drivers
v0x556da130d2e0_0 .net "S", 0 0, L_0x556da1322750;  1 drivers
v0x556da130d3f0_0 .net "c1", 0 0, L_0x556da13227f0;  1 drivers
v0x556da130d4b0_0 .net "c2", 0 0, L_0x556da1322890;  1 drivers
v0x556da130d570_0 .net "s1", 0 0, L_0x556da13226e0;  1 drivers
S_0x556da130d6d0 .scope module, "s5" "somador1bit" 5 17, 6 1 0, S_0x556da12ca2c0;
 .timescale 0 0;
    .port_info 0 /OUTPUT 1 "S";
    .port_info 1 /OUTPUT 1 "Cout";
    .port_info 2 /INPUT 1 "A";
    .port_info 3 /INPUT 1 "B";
    .port_info 4 /INPUT 1 "Cin";
L_0x556da1322b30 .functor XOR 1, L_0x556da13231d0, L_0x556da1323270, C4<0>, C4<0>;
L_0x556da1322df0 .functor XOR 1, L_0x556da1322b30, L_0x556da13233a0, C4<0>, C4<0>;
L_0x556da1322e90 .functor AND 1, L_0x556da13231d0, L_0x556da1323270, C4<1>, C4<1>;
L_0x556da1322fd0 .functor AND 1, L_0x556da13233a0, L_0x556da1322b30, C4<1>, C4<1>;
L_0x556da13230c0 .functor OR 1, L_0x556da1322e90, L_0x556da1322fd0, C4<0>, C4<0>;
v0x556da130d8b0_0 .net "A", 0 0, L_0x556da13231d0;  1 drivers
v0x556da130d990_0 .net "B", 0 0, L_0x556da1323270;  1 drivers
v0x556da130da50_0 .net "Cin", 0 0, L_0x556da13233a0;  1 drivers
v0x556da130db20_0 .net "Cout", 0 0, L_0x556da13230c0;  1 drivers
v0x556da130dbe0_0 .net "S", 0 0, L_0x556da1322df0;  1 drivers
v0x556da130dcf0_0 .net "c1", 0 0, L_0x556da1322e90;  1 drivers
v0x556da130ddb0_0 .net "c2", 0 0, L_0x556da1322fd0;  1 drivers
v0x556da130de70_0 .net "s1", 0 0, L_0x556da1322b30;  1 drivers
S_0x556da130dfd0 .scope module, "s6" "somador1bit" 5 18, 6 1 0, S_0x556da12ca2c0;
 .timescale 0 0;
    .port_info 0 /OUTPUT 1 "S";
    .port_info 1 /OUTPUT 1 "Cout";
    .port_info 2 /INPUT 1 "A";
    .port_info 3 /INPUT 1 "B";
    .port_info 4 /INPUT 1 "Cin";
L_0x556da1323440 .functor XOR 1, L_0x556da1323ca0, L_0x556da1323d40, C4<0>, C4<0>;
L_0x556da13234b0 .functor XOR 1, L_0x556da1323440, L_0x556da1323c00, C4<0>, C4<0>;
L_0x556da13235a0 .functor AND 1, L_0x556da1323ca0, L_0x556da1323d40, C4<1>, C4<1>;
L_0x556da13236e0 .functor AND 1, L_0x556da1323c00, L_0x556da1323440, C4<1>, C4<1>;
L_0x556da13237d0 .functor OR 1, L_0x556da13235a0, L_0x556da13236e0, C4<0>, C4<0>;
v0x556da130e1b0_0 .net "A", 0 0, L_0x556da1323ca0;  1 drivers
v0x556da130e290_0 .net "B", 0 0, L_0x556da1323d40;  1 drivers
v0x556da130e350_0 .net "Cin", 0 0, L_0x556da1323c00;  1 drivers
v0x556da130e420_0 .net "Cout", 0 0, L_0x556da13237d0;  1 drivers
v0x556da130e4e0_0 .net "S", 0 0, L_0x556da13234b0;  1 drivers
v0x556da130e5f0_0 .net "c1", 0 0, L_0x556da13235a0;  1 drivers
v0x556da130e6b0_0 .net "c2", 0 0, L_0x556da13236e0;  1 drivers
v0x556da130e770_0 .net "s1", 0 0, L_0x556da1323440;  1 drivers
S_0x556da130e8d0 .scope module, "s7" "somador1bit" 5 19, 6 1 0, S_0x556da12ca2c0;
 .timescale 0 0;
    .port_info 0 /OUTPUT 1 "S";
    .port_info 1 /OUTPUT 1 "Cout";
    .port_info 2 /INPUT 1 "A";
    .port_info 3 /INPUT 1 "B";
    .port_info 4 /INPUT 1 "Cin";
L_0x556da1323e90 .functor XOR 1, L_0x556da1324720, L_0x556da13247c0, C4<0>, C4<0>;
L_0x556da1323f00 .functor XOR 1, L_0x556da1323e90, L_0x556da1324930, C4<0>, C4<0>;
L_0x556da1323fc0 .functor AND 1, L_0x556da1324720, L_0x556da13247c0, C4<1>, C4<1>;
L_0x556da13240d0 .functor AND 1, L_0x556da1324930, L_0x556da1323e90, C4<1>, C4<1>;
L_0x556da1324190 .functor OR 1, L_0x556da1323fc0, L_0x556da13240d0, C4<0>, C4<0>;
v0x556da130eb30_0 .net "A", 0 0, L_0x556da1324720;  1 drivers
v0x556da130ec10_0 .net "B", 0 0, L_0x556da13247c0;  1 drivers
v0x556da130ecd0_0 .net "Cin", 0 0, L_0x556da1324930;  1 drivers
v0x556da130eda0_0 .net "Cout", 0 0, L_0x556da1324190;  alias, 1 drivers
v0x556da130ee60_0 .net "S", 0 0, L_0x556da1323f00;  1 drivers
v0x556da130ef70_0 .net "c1", 0 0, L_0x556da1323fc0;  1 drivers
v0x556da130f030_0 .net "c2", 0 0, L_0x556da13240d0;  1 drivers
v0x556da130f0f0_0 .net "s1", 0 0, L_0x556da1323e90;  1 drivers
S_0x556da130f820 .scope module, "s1" "somador8bit" 4 12, 5 1 0, S_0x556da12d5230;
 .timescale 0 0;
    .port_info 0 /OUTPUT 8 "Sum";
    .port_info 1 /OUTPUT 1 "Cout";
    .port_info 2 /INPUT 8 "A";
    .port_info 3 /INPUT 8 "B";
    .port_info 4 /INPUT 1 "Cin";
v0x556da1314700_0 .net "A", 7 0, L_0x556da13289a0;  1 drivers
v0x556da1314800_0 .net "B", 7 0, L_0x556da1328a40;  1 drivers
v0x556da13148e0_0 .net "Cin", 0 0, L_0x556da1328ae0;  1 drivers
v0x556da13149b0_0 .net "Cout", 0 0, L_0x556da1327e30;  1 drivers
v0x556da1314a80_0 .net "Sum", 7 0, L_0x556da1327f90;  1 drivers
v0x556da1314b70_0 .net "cout", 6 0, L_0x556da1327580;  1 drivers
L_0x556da1324f90 .part L_0x556da13289a0, 0, 1;
L_0x556da1325030 .part L_0x556da1328a40, 0, 1;
L_0x556da13254e0 .part L_0x556da13289a0, 1, 1;
L_0x556da13255d0 .part L_0x556da1328a40, 1, 1;
L_0x556da13256c0 .part L_0x556da1327580, 0, 1;
L_0x556da1325b70 .part L_0x556da13289a0, 2, 1;
L_0x556da1325c10 .part L_0x556da1328a40, 2, 1;
L_0x556da1325cb0 .part L_0x556da1327580, 1, 1;
L_0x556da1326200 .part L_0x556da13289a0, 3, 1;
L_0x556da13262a0 .part L_0x556da1328a40, 3, 1;
L_0x556da13263a0 .part L_0x556da1327580, 2, 1;
L_0x556da1326790 .part L_0x556da13289a0, 4, 1;
L_0x556da13268a0 .part L_0x556da1328a40, 4, 1;
L_0x556da1326940 .part L_0x556da1327580, 3, 1;
L_0x556da1326e70 .part L_0x556da13289a0, 5, 1;
L_0x556da1326f10 .part L_0x556da1328a40, 5, 1;
L_0x556da1327040 .part L_0x556da1327580, 4, 1;
LS_0x556da1327580_0_0 .concat8 [ 1 1 1 1], L_0x556da1324e80, L_0x556da13253d0, L_0x556da1325a60, L_0x556da13260f0;
LS_0x556da1327580_0_4 .concat8 [ 1 1 1 0], L_0x556da1326680, L_0x556da1326d60, L_0x556da1327470;
L_0x556da1327580 .concat8 [ 4 3 0 0], LS_0x556da1327580_0_0, LS_0x556da1327580_0_4;
L_0x556da1327940 .part L_0x556da13289a0, 6, 1;
L_0x556da13279e0 .part L_0x556da1328a40, 6, 1;
L_0x556da13278a0 .part L_0x556da1327580, 5, 1;
LS_0x556da1327f90_0_0 .concat8 [ 1 1 1 1], L_0x556da1324c90, L_0x556da1325140, L_0x556da13257d0, L_0x556da1325e60;
LS_0x556da1327f90_0_4 .concat8 [ 1 1 1 1], L_0x556da13264b0, L_0x556da1326a90, L_0x556da1327150, L_0x556da1327ba0;
L_0x556da1327f90 .concat8 [ 4 4 0 0], LS_0x556da1327f90_0_0, LS_0x556da1327f90_0_4;
L_0x556da13283c0 .part L_0x556da13289a0, 7, 1;
L_0x556da1328570 .part L_0x556da1328a40, 7, 1;
L_0x556da13287f0 .part L_0x556da1327580, 6, 1;
S_0x556da130faa0 .scope module, "s0" "somador1bit" 5 12, 6 1 0, S_0x556da130f820;
 .timescale 0 0;
    .port_info 0 /OUTPUT 1 "S";
    .port_info 1 /OUTPUT 1 "Cout";
    .port_info 2 /INPUT 1 "A";
    .port_info 3 /INPUT 1 "B";
    .port_info 4 /INPUT 1 "Cin";
L_0x556da1324c20 .functor XOR 1, L_0x556da1324f90, L_0x556da1325030, C4<0>, C4<0>;
L_0x556da1324c90 .functor XOR 1, L_0x556da1324c20, L_0x556da1328ae0, C4<0>, C4<0>;
L_0x556da1324d00 .functor AND 1, L_0x556da1324f90, L_0x556da1325030, C4<1>, C4<1>;
L_0x556da1324e10 .functor AND 1, L_0x556da1328ae0, L_0x556da1324c20, C4<1>, C4<1>;
L_0x556da1324e80 .functor OR 1, L_0x556da1324d00, L_0x556da1324e10, C4<0>, C4<0>;
v0x556da130fd30_0 .net "A", 0 0, L_0x556da1324f90;  1 drivers
v0x556da130fe10_0 .net "B", 0 0, L_0x556da1325030;  1 drivers
v0x556da130fed0_0 .net "Cin", 0 0, L_0x556da1328ae0;  alias, 1 drivers
v0x556da130ffa0_0 .net "Cout", 0 0, L_0x556da1324e80;  1 drivers
v0x556da1310060_0 .net "S", 0 0, L_0x556da1324c90;  1 drivers
v0x556da1310170_0 .net "c1", 0 0, L_0x556da1324d00;  1 drivers
v0x556da1310230_0 .net "c2", 0 0, L_0x556da1324e10;  1 drivers
v0x556da13102f0_0 .net "s1", 0 0, L_0x556da1324c20;  1 drivers
S_0x556da1310450 .scope module, "s1" "somador1bit" 5 13, 6 1 0, S_0x556da130f820;
 .timescale 0 0;
    .port_info 0 /OUTPUT 1 "S";
    .port_info 1 /OUTPUT 1 "Cout";
    .port_info 2 /INPUT 1 "A";
    .port_info 3 /INPUT 1 "B";
    .port_info 4 /INPUT 1 "Cin";
L_0x556da13250d0 .functor XOR 1, L_0x556da13254e0, L_0x556da13255d0, C4<0>, C4<0>;
L_0x556da1325140 .functor XOR 1, L_0x556da13250d0, L_0x556da13256c0, C4<0>, C4<0>;
L_0x556da1325200 .functor AND 1, L_0x556da13254e0, L_0x556da13255d0, C4<1>, C4<1>;
L_0x556da1325310 .functor AND 1, L_0x556da13256c0, L_0x556da13250d0, C4<1>, C4<1>;
L_0x556da13253d0 .functor OR 1, L_0x556da1325200, L_0x556da1325310, C4<0>, C4<0>;
v0x556da13106d0_0 .net "A", 0 0, L_0x556da13254e0;  1 drivers
v0x556da1310790_0 .net "B", 0 0, L_0x556da13255d0;  1 drivers
v0x556da1310850_0 .net "Cin", 0 0, L_0x556da13256c0;  1 drivers
v0x556da1310920_0 .net "Cout", 0 0, L_0x556da13253d0;  1 drivers
v0x556da13109e0_0 .net "S", 0 0, L_0x556da1325140;  1 drivers
v0x556da1310af0_0 .net "c1", 0 0, L_0x556da1325200;  1 drivers
v0x556da1310bb0_0 .net "c2", 0 0, L_0x556da1325310;  1 drivers
v0x556da1310c70_0 .net "s1", 0 0, L_0x556da13250d0;  1 drivers
S_0x556da1310dd0 .scope module, "s2" "somador1bit" 5 14, 6 1 0, S_0x556da130f820;
 .timescale 0 0;
    .port_info 0 /OUTPUT 1 "S";
    .port_info 1 /OUTPUT 1 "Cout";
    .port_info 2 /INPUT 1 "A";
    .port_info 3 /INPUT 1 "B";
    .port_info 4 /INPUT 1 "Cin";
L_0x556da1325760 .functor XOR 1, L_0x556da1325b70, L_0x556da1325c10, C4<0>, C4<0>;
L_0x556da13257d0 .functor XOR 1, L_0x556da1325760, L_0x556da1325cb0, C4<0>, C4<0>;
L_0x556da1325890 .functor AND 1, L_0x556da1325b70, L_0x556da1325c10, C4<1>, C4<1>;
L_0x556da13259a0 .functor AND 1, L_0x556da1325cb0, L_0x556da1325760, C4<1>, C4<1>;
L_0x556da1325a60 .functor OR 1, L_0x556da1325890, L_0x556da13259a0, C4<0>, C4<0>;
v0x556da1311060_0 .net "A", 0 0, L_0x556da1325b70;  1 drivers
v0x556da1311120_0 .net "B", 0 0, L_0x556da1325c10;  1 drivers
v0x556da13111e0_0 .net "Cin", 0 0, L_0x556da1325cb0;  1 drivers
v0x556da13112b0_0 .net "Cout", 0 0, L_0x556da1325a60;  1 drivers
v0x556da1311370_0 .net "S", 0 0, L_0x556da13257d0;  1 drivers
v0x556da1311480_0 .net "c1", 0 0, L_0x556da1325890;  1 drivers
v0x556da1311540_0 .net "c2", 0 0, L_0x556da13259a0;  1 drivers
v0x556da1311600_0 .net "s1", 0 0, L_0x556da1325760;  1 drivers
S_0x556da1311760 .scope module, "s3" "somador1bit" 5 15, 6 1 0, S_0x556da130f820;
 .timescale 0 0;
    .port_info 0 /OUTPUT 1 "S";
    .port_info 1 /OUTPUT 1 "Cout";
    .port_info 2 /INPUT 1 "A";
    .port_info 3 /INPUT 1 "B";
    .port_info 4 /INPUT 1 "Cin";
L_0x556da1325df0 .functor XOR 1, L_0x556da1326200, L_0x556da13262a0, C4<0>, C4<0>;
L_0x556da1325e60 .functor XOR 1, L_0x556da1325df0, L_0x556da13263a0, C4<0>, C4<0>;
L_0x556da1325f20 .functor AND 1, L_0x556da1326200, L_0x556da13262a0, C4<1>, C4<1>;
L_0x556da1326030 .functor AND 1, L_0x556da13263a0, L_0x556da1325df0, C4<1>, C4<1>;
L_0x556da13260f0 .functor OR 1, L_0x556da1325f20, L_0x556da1326030, C4<0>, C4<0>;
v0x556da13119c0_0 .net "A", 0 0, L_0x556da1326200;  1 drivers
v0x556da1311aa0_0 .net "B", 0 0, L_0x556da13262a0;  1 drivers
v0x556da1311b60_0 .net "Cin", 0 0, L_0x556da13263a0;  1 drivers
v0x556da1311c30_0 .net "Cout", 0 0, L_0x556da13260f0;  1 drivers
v0x556da1311cf0_0 .net "S", 0 0, L_0x556da1325e60;  1 drivers
v0x556da1311e00_0 .net "c1", 0 0, L_0x556da1325f20;  1 drivers
v0x556da1311ec0_0 .net "c2", 0 0, L_0x556da1326030;  1 drivers
v0x556da1311f80_0 .net "s1", 0 0, L_0x556da1325df0;  1 drivers
S_0x556da13120e0 .scope module, "s4" "somador1bit" 5 16, 6 1 0, S_0x556da130f820;
 .timescale 0 0;
    .port_info 0 /OUTPUT 1 "S";
    .port_info 1 /OUTPUT 1 "Cout";
    .port_info 2 /INPUT 1 "A";
    .port_info 3 /INPUT 1 "B";
    .port_info 4 /INPUT 1 "Cin";
L_0x556da1326440 .functor XOR 1, L_0x556da1326790, L_0x556da13268a0, C4<0>, C4<0>;
L_0x556da13264b0 .functor XOR 1, L_0x556da1326440, L_0x556da1326940, C4<0>, C4<0>;
L_0x556da1326520 .functor AND 1, L_0x556da1326790, L_0x556da13268a0, C4<1>, C4<1>;
L_0x556da1326590 .functor AND 1, L_0x556da1326940, L_0x556da1326440, C4<1>, C4<1>;
L_0x556da1326680 .functor OR 1, L_0x556da1326520, L_0x556da1326590, C4<0>, C4<0>;
v0x556da1312390_0 .net "A", 0 0, L_0x556da1326790;  1 drivers
v0x556da1312470_0 .net "B", 0 0, L_0x556da13268a0;  1 drivers
v0x556da1312530_0 .net "Cin", 0 0, L_0x556da1326940;  1 drivers
v0x556da13125d0_0 .net "Cout", 0 0, L_0x556da1326680;  1 drivers
v0x556da1312690_0 .net "S", 0 0, L_0x556da13264b0;  1 drivers
v0x556da13127a0_0 .net "c1", 0 0, L_0x556da1326520;  1 drivers
v0x556da1312860_0 .net "c2", 0 0, L_0x556da1326590;  1 drivers
v0x556da1312920_0 .net "s1", 0 0, L_0x556da1326440;  1 drivers
S_0x556da1312a80 .scope module, "s5" "somador1bit" 5 17, 6 1 0, S_0x556da130f820;
 .timescale 0 0;
    .port_info 0 /OUTPUT 1 "S";
    .port_info 1 /OUTPUT 1 "Cout";
    .port_info 2 /INPUT 1 "A";
    .port_info 3 /INPUT 1 "B";
    .port_info 4 /INPUT 1 "Cin";
L_0x556da1326830 .functor XOR 1, L_0x556da1326e70, L_0x556da1326f10, C4<0>, C4<0>;
L_0x556da1326a90 .functor XOR 1, L_0x556da1326830, L_0x556da1327040, C4<0>, C4<0>;
L_0x556da1326b30 .functor AND 1, L_0x556da1326e70, L_0x556da1326f10, C4<1>, C4<1>;
L_0x556da1326c70 .functor AND 1, L_0x556da1327040, L_0x556da1326830, C4<1>, C4<1>;
L_0x556da1326d60 .functor OR 1, L_0x556da1326b30, L_0x556da1326c70, C4<0>, C4<0>;
v0x556da1312ce0_0 .net "A", 0 0, L_0x556da1326e70;  1 drivers
v0x556da1312dc0_0 .net "B", 0 0, L_0x556da1326f10;  1 drivers
v0x556da1312e80_0 .net "Cin", 0 0, L_0x556da1327040;  1 drivers
v0x556da1312f50_0 .net "Cout", 0 0, L_0x556da1326d60;  1 drivers
v0x556da1313010_0 .net "S", 0 0, L_0x556da1326a90;  1 drivers
v0x556da1313120_0 .net "c1", 0 0, L_0x556da1326b30;  1 drivers
v0x556da13131e0_0 .net "c2", 0 0, L_0x556da1326c70;  1 drivers
v0x556da13132a0_0 .net "s1", 0 0, L_0x556da1326830;  1 drivers
S_0x556da1313400 .scope module, "s6" "somador1bit" 5 18, 6 1 0, S_0x556da130f820;
 .timescale 0 0;
    .port_info 0 /OUTPUT 1 "S";
    .port_info 1 /OUTPUT 1 "Cout";
    .port_info 2 /INPUT 1 "A";
    .port_info 3 /INPUT 1 "B";
    .port_info 4 /INPUT 1 "Cin";
L_0x556da13270e0 .functor XOR 1, L_0x556da1327940, L_0x556da13279e0, C4<0>, C4<0>;
L_0x556da1327150 .functor XOR 1, L_0x556da13270e0, L_0x556da13278a0, C4<0>, C4<0>;
L_0x556da1327240 .functor AND 1, L_0x556da1327940, L_0x556da13279e0, C4<1>, C4<1>;
L_0x556da1327380 .functor AND 1, L_0x556da13278a0, L_0x556da13270e0, C4<1>, C4<1>;
L_0x556da1327470 .functor OR 1, L_0x556da1327240, L_0x556da1327380, C4<0>, C4<0>;
v0x556da1313660_0 .net "A", 0 0, L_0x556da1327940;  1 drivers
v0x556da1313740_0 .net "B", 0 0, L_0x556da13279e0;  1 drivers
v0x556da1313800_0 .net "Cin", 0 0, L_0x556da13278a0;  1 drivers
v0x556da13138d0_0 .net "Cout", 0 0, L_0x556da1327470;  1 drivers
v0x556da1313990_0 .net "S", 0 0, L_0x556da1327150;  1 drivers
v0x556da1313aa0_0 .net "c1", 0 0, L_0x556da1327240;  1 drivers
v0x556da1313b60_0 .net "c2", 0 0, L_0x556da1327380;  1 drivers
v0x556da1313c20_0 .net "s1", 0 0, L_0x556da13270e0;  1 drivers
S_0x556da1313d80 .scope module, "s7" "somador1bit" 5 19, 6 1 0, S_0x556da130f820;
 .timescale 0 0;
    .port_info 0 /OUTPUT 1 "S";
    .port_info 1 /OUTPUT 1 "Cout";
    .port_info 2 /INPUT 1 "A";
    .port_info 3 /INPUT 1 "B";
    .port_info 4 /INPUT 1 "Cin";
L_0x556da1327b30 .functor XOR 1, L_0x556da13283c0, L_0x556da1328570, C4<0>, C4<0>;
L_0x556da1327ba0 .functor XOR 1, L_0x556da1327b30, L_0x556da13287f0, C4<0>, C4<0>;
L_0x556da1327c60 .functor AND 1, L_0x556da13283c0, L_0x556da1328570, C4<1>, C4<1>;
L_0x556da1327d70 .functor AND 1, L_0x556da13287f0, L_0x556da1327b30, C4<1>, C4<1>;
L_0x556da1327e30 .functor OR 1, L_0x556da1327c60, L_0x556da1327d70, C4<0>, C4<0>;
v0x556da1313fe0_0 .net "A", 0 0, L_0x556da13283c0;  1 drivers
v0x556da13140c0_0 .net "B", 0 0, L_0x556da1328570;  1 drivers
v0x556da1314180_0 .net "Cin", 0 0, L_0x556da13287f0;  1 drivers
v0x556da1314250_0 .net "Cout", 0 0, L_0x556da1327e30;  alias, 1 drivers
v0x556da1314310_0 .net "S", 0 0, L_0x556da1327ba0;  1 drivers
v0x556da1314420_0 .net "c1", 0 0, L_0x556da1327c60;  1 drivers
v0x556da13144e0_0 .net "c2", 0 0, L_0x556da1327d70;  1 drivers
v0x556da13145a0_0 .net "s1", 0 0, L_0x556da1327b30;  1 drivers
S_0x556da1314cd0 .scope module, "s2" "somador8bit" 4 13, 5 1 0, S_0x556da12d5230;
 .timescale 0 0;
    .port_info 0 /OUTPUT 8 "Sum";
    .port_info 1 /OUTPUT 1 "Cout";
    .port_info 2 /INPUT 8 "A";
    .port_info 3 /INPUT 8 "B";
    .port_info 4 /INPUT 1 "Cin";
v0x556da1319bc0_0 .net "A", 7 0, L_0x556da132cb40;  1 drivers
v0x556da1319cc0_0 .net "B", 7 0, L_0x556da132cbe0;  1 drivers
v0x556da1319da0_0 .net "Cin", 0 0, L_0x556da132ccd0;  1 drivers
v0x556da1319e70_0 .net "Cout", 0 0, L_0x556da132bee0;  1 drivers
v0x556da1319f40_0 .net "Sum", 7 0, L_0x556da132c040;  1 drivers
v0x556da131a030_0 .net "cout", 6 0, L_0x556da132b630;  1 drivers
L_0x556da1328ef0 .part L_0x556da132cb40, 0, 1;
L_0x556da1328f90 .part L_0x556da132cbe0, 0, 1;
L_0x556da1329440 .part L_0x556da132cb40, 1, 1;
L_0x556da1329530 .part L_0x556da132cbe0, 1, 1;
L_0x556da1329620 .part L_0x556da132b630, 0, 1;
L_0x556da1329ad0 .part L_0x556da132cb40, 2, 1;
L_0x556da1329b70 .part L_0x556da132cbe0, 2, 1;
L_0x556da1329c10 .part L_0x556da132b630, 1, 1;
L_0x556da132a190 .part L_0x556da132cb40, 3, 1;
L_0x556da132a230 .part L_0x556da132cbe0, 3, 1;
L_0x556da132a3c0 .part L_0x556da132b630, 2, 1;
L_0x556da132a7e0 .part L_0x556da132cb40, 4, 1;
L_0x556da132a8f0 .part L_0x556da132cbe0, 4, 1;
L_0x556da132a990 .part L_0x556da132b630, 3, 1;
L_0x556da132af20 .part L_0x556da132cb40, 5, 1;
L_0x556da132afc0 .part L_0x556da132cbe0, 5, 1;
L_0x556da132b0f0 .part L_0x556da132b630, 4, 1;
LS_0x556da132b630_0_0 .concat8 [ 1 1 1 1], L_0x556da1328de0, L_0x556da1329330, L_0x556da13299c0, L_0x556da132a080;
LS_0x556da132b630_0_4 .concat8 [ 1 1 1 0], L_0x556da132a6d0, L_0x556da132ae10, L_0x556da132b520;
L_0x556da132b630 .concat8 [ 4 3 0 0], LS_0x556da132b630_0_0, LS_0x556da132b630_0_4;
L_0x556da132b9f0 .part L_0x556da132cb40, 6, 1;
L_0x556da132ba90 .part L_0x556da132cbe0, 6, 1;
L_0x556da132b950 .part L_0x556da132b630, 5, 1;
LS_0x556da132c040_0_0 .concat8 [ 1 1 1 1], L_0x556da1328bf0, L_0x556da13290a0, L_0x556da1329730, L_0x556da1329dc0;
LS_0x556da132c040_0_4 .concat8 [ 1 1 1 1], L_0x556da132a4d0, L_0x556da132ab40, L_0x556da132b200, L_0x556da132bc50;
L_0x556da132c040 .concat8 [ 4 4 0 0], LS_0x556da132c040_0_0, LS_0x556da132c040_0_4;
L_0x556da132c470 .part L_0x556da132cb40, 7, 1;
L_0x556da132c620 .part L_0x556da132cbe0, 7, 1;
L_0x556da132c8a0 .part L_0x556da132b630, 6, 1;
S_0x556da1314f60 .scope module, "s0" "somador1bit" 5 12, 6 1 0, S_0x556da1314cd0;
 .timescale 0 0;
    .port_info 0 /OUTPUT 1 "S";
    .port_info 1 /OUTPUT 1 "Cout";
    .port_info 2 /INPUT 1 "A";
    .port_info 3 /INPUT 1 "B";
    .port_info 4 /INPUT 1 "Cin";
L_0x556da1328b80 .functor XOR 1, L_0x556da1328ef0, L_0x556da1328f90, C4<0>, C4<0>;
L_0x556da1328bf0 .functor XOR 1, L_0x556da1328b80, L_0x556da132ccd0, C4<0>, C4<0>;
L_0x556da1328c60 .functor AND 1, L_0x556da1328ef0, L_0x556da1328f90, C4<1>, C4<1>;
L_0x556da1328d70 .functor AND 1, L_0x556da132ccd0, L_0x556da1328b80, C4<1>, C4<1>;
L_0x556da1328de0 .functor OR 1, L_0x556da1328c60, L_0x556da1328d70, C4<0>, C4<0>;
v0x556da13151f0_0 .net "A", 0 0, L_0x556da1328ef0;  1 drivers
v0x556da13152d0_0 .net "B", 0 0, L_0x556da1328f90;  1 drivers
v0x556da1315390_0 .net "Cin", 0 0, L_0x556da132ccd0;  alias, 1 drivers
v0x556da1315460_0 .net "Cout", 0 0, L_0x556da1328de0;  1 drivers
v0x556da1315520_0 .net "S", 0 0, L_0x556da1328bf0;  1 drivers
v0x556da1315630_0 .net "c1", 0 0, L_0x556da1328c60;  1 drivers
v0x556da13156f0_0 .net "c2", 0 0, L_0x556da1328d70;  1 drivers
v0x556da13157b0_0 .net "s1", 0 0, L_0x556da1328b80;  1 drivers
S_0x556da1315910 .scope module, "s1" "somador1bit" 5 13, 6 1 0, S_0x556da1314cd0;
 .timescale 0 0;
    .port_info 0 /OUTPUT 1 "S";
    .port_info 1 /OUTPUT 1 "Cout";
    .port_info 2 /INPUT 1 "A";
    .port_info 3 /INPUT 1 "B";
    .port_info 4 /INPUT 1 "Cin";
L_0x556da1329030 .functor XOR 1, L_0x556da1329440, L_0x556da1329530, C4<0>, C4<0>;
L_0x556da13290a0 .functor XOR 1, L_0x556da1329030, L_0x556da1329620, C4<0>, C4<0>;
L_0x556da1329160 .functor AND 1, L_0x556da1329440, L_0x556da1329530, C4<1>, C4<1>;
L_0x556da1329270 .functor AND 1, L_0x556da1329620, L_0x556da1329030, C4<1>, C4<1>;
L_0x556da1329330 .functor OR 1, L_0x556da1329160, L_0x556da1329270, C4<0>, C4<0>;
v0x556da1315b90_0 .net "A", 0 0, L_0x556da1329440;  1 drivers
v0x556da1315c50_0 .net "B", 0 0, L_0x556da1329530;  1 drivers
v0x556da1315d10_0 .net "Cin", 0 0, L_0x556da1329620;  1 drivers
v0x556da1315de0_0 .net "Cout", 0 0, L_0x556da1329330;  1 drivers
v0x556da1315ea0_0 .net "S", 0 0, L_0x556da13290a0;  1 drivers
v0x556da1315fb0_0 .net "c1", 0 0, L_0x556da1329160;  1 drivers
v0x556da1316070_0 .net "c2", 0 0, L_0x556da1329270;  1 drivers
v0x556da1316130_0 .net "s1", 0 0, L_0x556da1329030;  1 drivers
S_0x556da1316290 .scope module, "s2" "somador1bit" 5 14, 6 1 0, S_0x556da1314cd0;
 .timescale 0 0;
    .port_info 0 /OUTPUT 1 "S";
    .port_info 1 /OUTPUT 1 "Cout";
    .port_info 2 /INPUT 1 "A";
    .port_info 3 /INPUT 1 "B";
    .port_info 4 /INPUT 1 "Cin";
L_0x556da13296c0 .functor XOR 1, L_0x556da1329ad0, L_0x556da1329b70, C4<0>, C4<0>;
L_0x556da1329730 .functor XOR 1, L_0x556da13296c0, L_0x556da1329c10, C4<0>, C4<0>;
L_0x556da13297f0 .functor AND 1, L_0x556da1329ad0, L_0x556da1329b70, C4<1>, C4<1>;
L_0x556da1329900 .functor AND 1, L_0x556da1329c10, L_0x556da13296c0, C4<1>, C4<1>;
L_0x556da13299c0 .functor OR 1, L_0x556da13297f0, L_0x556da1329900, C4<0>, C4<0>;
v0x556da1316520_0 .net "A", 0 0, L_0x556da1329ad0;  1 drivers
v0x556da13165e0_0 .net "B", 0 0, L_0x556da1329b70;  1 drivers
v0x556da13166a0_0 .net "Cin", 0 0, L_0x556da1329c10;  1 drivers
v0x556da1316770_0 .net "Cout", 0 0, L_0x556da13299c0;  1 drivers
v0x556da1316830_0 .net "S", 0 0, L_0x556da1329730;  1 drivers
v0x556da1316940_0 .net "c1", 0 0, L_0x556da13297f0;  1 drivers
v0x556da1316a00_0 .net "c2", 0 0, L_0x556da1329900;  1 drivers
v0x556da1316ac0_0 .net "s1", 0 0, L_0x556da13296c0;  1 drivers
S_0x556da1316c20 .scope module, "s3" "somador1bit" 5 15, 6 1 0, S_0x556da1314cd0;
 .timescale 0 0;
    .port_info 0 /OUTPUT 1 "S";
    .port_info 1 /OUTPUT 1 "Cout";
    .port_info 2 /INPUT 1 "A";
    .port_info 3 /INPUT 1 "B";
    .port_info 4 /INPUT 1 "Cin";
L_0x556da1329d50 .functor XOR 1, L_0x556da132a190, L_0x556da132a230, C4<0>, C4<0>;
L_0x556da1329dc0 .functor XOR 1, L_0x556da1329d50, L_0x556da132a3c0, C4<0>, C4<0>;
L_0x556da1329e80 .functor AND 1, L_0x556da132a190, L_0x556da132a230, C4<1>, C4<1>;
L_0x556da1329f90 .functor AND 1, L_0x556da132a3c0, L_0x556da1329d50, C4<1>, C4<1>;
L_0x556da132a080 .functor OR 1, L_0x556da1329e80, L_0x556da1329f90, C4<0>, C4<0>;
v0x556da1316e80_0 .net "A", 0 0, L_0x556da132a190;  1 drivers
v0x556da1316f60_0 .net "B", 0 0, L_0x556da132a230;  1 drivers
v0x556da1317020_0 .net "Cin", 0 0, L_0x556da132a3c0;  1 drivers
v0x556da13170f0_0 .net "Cout", 0 0, L_0x556da132a080;  1 drivers
v0x556da13171b0_0 .net "S", 0 0, L_0x556da1329dc0;  1 drivers
v0x556da13172c0_0 .net "c1", 0 0, L_0x556da1329e80;  1 drivers
v0x556da1317380_0 .net "c2", 0 0, L_0x556da1329f90;  1 drivers
v0x556da1317440_0 .net "s1", 0 0, L_0x556da1329d50;  1 drivers
S_0x556da13175a0 .scope module, "s4" "somador1bit" 5 16, 6 1 0, S_0x556da1314cd0;
 .timescale 0 0;
    .port_info 0 /OUTPUT 1 "S";
    .port_info 1 /OUTPUT 1 "Cout";
    .port_info 2 /INPUT 1 "A";
    .port_info 3 /INPUT 1 "B";
    .port_info 4 /INPUT 1 "Cin";
L_0x556da132a460 .functor XOR 1, L_0x556da132a7e0, L_0x556da132a8f0, C4<0>, C4<0>;
L_0x556da132a4d0 .functor XOR 1, L_0x556da132a460, L_0x556da132a990, C4<0>, C4<0>;
L_0x556da132a540 .functor AND 1, L_0x556da132a7e0, L_0x556da132a8f0, C4<1>, C4<1>;
L_0x556da132a5e0 .functor AND 1, L_0x556da132a990, L_0x556da132a460, C4<1>, C4<1>;
L_0x556da132a6d0 .functor OR 1, L_0x556da132a540, L_0x556da132a5e0, C4<0>, C4<0>;
v0x556da1317850_0 .net "A", 0 0, L_0x556da132a7e0;  1 drivers
v0x556da1317930_0 .net "B", 0 0, L_0x556da132a8f0;  1 drivers
v0x556da13179f0_0 .net "Cin", 0 0, L_0x556da132a990;  1 drivers
v0x556da1317a90_0 .net "Cout", 0 0, L_0x556da132a6d0;  1 drivers
v0x556da1317b50_0 .net "S", 0 0, L_0x556da132a4d0;  1 drivers
v0x556da1317c60_0 .net "c1", 0 0, L_0x556da132a540;  1 drivers
v0x556da1317d20_0 .net "c2", 0 0, L_0x556da132a5e0;  1 drivers
v0x556da1317de0_0 .net "s1", 0 0, L_0x556da132a460;  1 drivers
S_0x556da1317f40 .scope module, "s5" "somador1bit" 5 17, 6 1 0, S_0x556da1314cd0;
 .timescale 0 0;
    .port_info 0 /OUTPUT 1 "S";
    .port_info 1 /OUTPUT 1 "Cout";
    .port_info 2 /INPUT 1 "A";
    .port_info 3 /INPUT 1 "B";
    .port_info 4 /INPUT 1 "Cin";
L_0x556da132a880 .functor XOR 1, L_0x556da132af20, L_0x556da132afc0, C4<0>, C4<0>;
L_0x556da132ab40 .functor XOR 1, L_0x556da132a880, L_0x556da132b0f0, C4<0>, C4<0>;
L_0x556da132abe0 .functor AND 1, L_0x556da132af20, L_0x556da132afc0, C4<1>, C4<1>;
L_0x556da132ad20 .functor AND 1, L_0x556da132b0f0, L_0x556da132a880, C4<1>, C4<1>;
L_0x556da132ae10 .functor OR 1, L_0x556da132abe0, L_0x556da132ad20, C4<0>, C4<0>;
v0x556da13181a0_0 .net "A", 0 0, L_0x556da132af20;  1 drivers
v0x556da1318280_0 .net "B", 0 0, L_0x556da132afc0;  1 drivers
v0x556da1318340_0 .net "Cin", 0 0, L_0x556da132b0f0;  1 drivers
v0x556da1318410_0 .net "Cout", 0 0, L_0x556da132ae10;  1 drivers
v0x556da13184d0_0 .net "S", 0 0, L_0x556da132ab40;  1 drivers
v0x556da13185e0_0 .net "c1", 0 0, L_0x556da132abe0;  1 drivers
v0x556da13186a0_0 .net "c2", 0 0, L_0x556da132ad20;  1 drivers
v0x556da1318760_0 .net "s1", 0 0, L_0x556da132a880;  1 drivers
S_0x556da13188c0 .scope module, "s6" "somador1bit" 5 18, 6 1 0, S_0x556da1314cd0;
 .timescale 0 0;
    .port_info 0 /OUTPUT 1 "S";
    .port_info 1 /OUTPUT 1 "Cout";
    .port_info 2 /INPUT 1 "A";
    .port_info 3 /INPUT 1 "B";
    .port_info 4 /INPUT 1 "Cin";
L_0x556da132b190 .functor XOR 1, L_0x556da132b9f0, L_0x556da132ba90, C4<0>, C4<0>;
L_0x556da132b200 .functor XOR 1, L_0x556da132b190, L_0x556da132b950, C4<0>, C4<0>;
L_0x556da132b2f0 .functor AND 1, L_0x556da132b9f0, L_0x556da132ba90, C4<1>, C4<1>;
L_0x556da132b430 .functor AND 1, L_0x556da132b950, L_0x556da132b190, C4<1>, C4<1>;
L_0x556da132b520 .functor OR 1, L_0x556da132b2f0, L_0x556da132b430, C4<0>, C4<0>;
v0x556da1318b20_0 .net "A", 0 0, L_0x556da132b9f0;  1 drivers
v0x556da1318c00_0 .net "B", 0 0, L_0x556da132ba90;  1 drivers
v0x556da1318cc0_0 .net "Cin", 0 0, L_0x556da132b950;  1 drivers
v0x556da1318d90_0 .net "Cout", 0 0, L_0x556da132b520;  1 drivers
v0x556da1318e50_0 .net "S", 0 0, L_0x556da132b200;  1 drivers
v0x556da1318f60_0 .net "c1", 0 0, L_0x556da132b2f0;  1 drivers
v0x556da1319020_0 .net "c2", 0 0, L_0x556da132b430;  1 drivers
v0x556da13190e0_0 .net "s1", 0 0, L_0x556da132b190;  1 drivers
S_0x556da1319240 .scope module, "s7" "somador1bit" 5 19, 6 1 0, S_0x556da1314cd0;
 .timescale 0 0;
    .port_info 0 /OUTPUT 1 "S";
    .port_info 1 /OUTPUT 1 "Cout";
    .port_info 2 /INPUT 1 "A";
    .port_info 3 /INPUT 1 "B";
    .port_info 4 /INPUT 1 "Cin";
L_0x556da132bbe0 .functor XOR 1, L_0x556da132c470, L_0x556da132c620, C4<0>, C4<0>;
L_0x556da132bc50 .functor XOR 1, L_0x556da132bbe0, L_0x556da132c8a0, C4<0>, C4<0>;
L_0x556da132bd10 .functor AND 1, L_0x556da132c470, L_0x556da132c620, C4<1>, C4<1>;
L_0x556da132be20 .functor AND 1, L_0x556da132c8a0, L_0x556da132bbe0, C4<1>, C4<1>;
L_0x556da132bee0 .functor OR 1, L_0x556da132bd10, L_0x556da132be20, C4<0>, C4<0>;
v0x556da13194a0_0 .net "A", 0 0, L_0x556da132c470;  1 drivers
v0x556da1319580_0 .net "B", 0 0, L_0x556da132c620;  1 drivers
v0x556da1319640_0 .net "Cin", 0 0, L_0x556da132c8a0;  1 drivers
v0x556da1319710_0 .net "Cout", 0 0, L_0x556da132bee0;  alias, 1 drivers
v0x556da13197d0_0 .net "S", 0 0, L_0x556da132bc50;  1 drivers
v0x556da13198e0_0 .net "c1", 0 0, L_0x556da132bd10;  1 drivers
v0x556da13199a0_0 .net "c2", 0 0, L_0x556da132be20;  1 drivers
v0x556da1319a60_0 .net "s1", 0 0, L_0x556da132bbe0;  1 drivers
S_0x556da131a190 .scope module, "s3" "somador8bit" 4 14, 5 1 0, S_0x556da12d5230;
 .timescale 0 0;
    .port_info 0 /OUTPUT 8 "Sum";
    .port_info 1 /OUTPUT 1 "Cout";
    .port_info 2 /INPUT 8 "A";
    .port_info 3 /INPUT 8 "B";
    .port_info 4 /INPUT 1 "Cin";
v0x556da131f070_0 .net "A", 7 0, L_0x556da1330d20;  1 drivers
v0x556da131f170_0 .net "B", 7 0, L_0x556da1330dc0;  1 drivers
v0x556da131f250_0 .net "Cin", 0 0, L_0x556da1330ed0;  1 drivers
v0x556da131f320_0 .net "Cout", 0 0, L_0x556da132ff70;  alias, 1 drivers
v0x556da131f3f0_0 .net "Sum", 7 0, L_0x556da1330080;  1 drivers
v0x556da131f4e0_0 .net "cout", 6 0, L_0x556da132f6c0;  1 drivers
L_0x556da132d130 .part L_0x556da1330d20, 0, 1;
L_0x556da132d1d0 .part L_0x556da1330dc0, 0, 1;
L_0x556da132d680 .part L_0x556da1330d20, 1, 1;
L_0x556da132d770 .part L_0x556da1330dc0, 1, 1;
L_0x556da132d860 .part L_0x556da132f6c0, 0, 1;
L_0x556da132dd10 .part L_0x556da1330d20, 2, 1;
L_0x556da132ddb0 .part L_0x556da1330dc0, 2, 1;
L_0x556da132de50 .part L_0x556da132f6c0, 1, 1;
L_0x556da132e3a0 .part L_0x556da1330d20, 3, 1;
L_0x556da132e440 .part L_0x556da1330dc0, 3, 1;
L_0x556da132e540 .part L_0x556da132f6c0, 2, 1;
L_0x556da132e930 .part L_0x556da1330d20, 4, 1;
L_0x556da132ea40 .part L_0x556da1330dc0, 4, 1;
L_0x556da132eae0 .part L_0x556da132f6c0, 3, 1;
L_0x556da132efb0 .part L_0x556da1330d20, 5, 1;
L_0x556da132f050 .part L_0x556da1330dc0, 5, 1;
L_0x556da132f180 .part L_0x556da132f6c0, 4, 1;
LS_0x556da132f6c0_0_0 .concat8 [ 1 1 1 1], L_0x556da132d020, L_0x556da132d570, L_0x556da132dc00, L_0x556da132e290;
LS_0x556da132f6c0_0_4 .concat8 [ 1 1 1 0], L_0x556da132e820, L_0x556da132eea0, L_0x556da132f5b0;
L_0x556da132f6c0 .concat8 [ 4 3 0 0], LS_0x556da132f6c0_0_0, LS_0x556da132f6c0_0_4;
L_0x556da132fa80 .part L_0x556da1330d20, 6, 1;
L_0x556da132fb20 .part L_0x556da1330dc0, 6, 1;
L_0x556da132f9e0 .part L_0x556da132f6c0, 5, 1;
LS_0x556da1330080_0_0 .concat8 [ 1 1 1 1], L_0x556da132cde0, L_0x556da132d2e0, L_0x556da132d970, L_0x556da132e000;
LS_0x556da1330080_0_4 .concat8 [ 1 1 1 1], L_0x556da132e650, L_0x556da132ec00, L_0x556da132f290, L_0x556da132fce0;
L_0x556da1330080 .concat8 [ 4 4 0 0], LS_0x556da1330080_0_0, LS_0x556da1330080_0_4;
L_0x556da13304b0 .part L_0x556da1330d20, 7, 1;
L_0x556da1330660 .part L_0x556da1330dc0, 7, 1;
L_0x556da13308e0 .part L_0x556da132f6c0, 6, 1;
S_0x556da131a3f0 .scope module, "s0" "somador1bit" 5 12, 6 1 0, S_0x556da131a190;
 .timescale 0 0;
    .port_info 0 /OUTPUT 1 "S";
    .port_info 1 /OUTPUT 1 "Cout";
    .port_info 2 /INPUT 1 "A";
    .port_info 3 /INPUT 1 "B";
    .port_info 4 /INPUT 1 "Cin";
L_0x556da132cd70 .functor XOR 1, L_0x556da132d130, L_0x556da132d1d0, C4<0>, C4<0>;
L_0x556da132cde0 .functor XOR 1, L_0x556da132cd70, L_0x556da1330ed0, C4<0>, C4<0>;
L_0x556da132cea0 .functor AND 1, L_0x556da132d130, L_0x556da132d1d0, C4<1>, C4<1>;
L_0x556da132cfb0 .functor AND 1, L_0x556da1330ed0, L_0x556da132cd70, C4<1>, C4<1>;
L_0x556da132d020 .functor OR 1, L_0x556da132cea0, L_0x556da132cfb0, C4<0>, C4<0>;
v0x556da131a6a0_0 .net "A", 0 0, L_0x556da132d130;  1 drivers
v0x556da131a780_0 .net "B", 0 0, L_0x556da132d1d0;  1 drivers
v0x556da131a840_0 .net "Cin", 0 0, L_0x556da1330ed0;  alias, 1 drivers
v0x556da131a910_0 .net "Cout", 0 0, L_0x556da132d020;  1 drivers
v0x556da131a9d0_0 .net "S", 0 0, L_0x556da132cde0;  1 drivers
v0x556da131aae0_0 .net "c1", 0 0, L_0x556da132cea0;  1 drivers
v0x556da131aba0_0 .net "c2", 0 0, L_0x556da132cfb0;  1 drivers
v0x556da131ac60_0 .net "s1", 0 0, L_0x556da132cd70;  1 drivers
S_0x556da131adc0 .scope module, "s1" "somador1bit" 5 13, 6 1 0, S_0x556da131a190;
 .timescale 0 0;
    .port_info 0 /OUTPUT 1 "S";
    .port_info 1 /OUTPUT 1 "Cout";
    .port_info 2 /INPUT 1 "A";
    .port_info 3 /INPUT 1 "B";
    .port_info 4 /INPUT 1 "Cin";
L_0x556da132d270 .functor XOR 1, L_0x556da132d680, L_0x556da132d770, C4<0>, C4<0>;
L_0x556da132d2e0 .functor XOR 1, L_0x556da132d270, L_0x556da132d860, C4<0>, C4<0>;
L_0x556da132d3a0 .functor AND 1, L_0x556da132d680, L_0x556da132d770, C4<1>, C4<1>;
L_0x556da132d4b0 .functor AND 1, L_0x556da132d860, L_0x556da132d270, C4<1>, C4<1>;
L_0x556da132d570 .functor OR 1, L_0x556da132d3a0, L_0x556da132d4b0, C4<0>, C4<0>;
v0x556da131b040_0 .net "A", 0 0, L_0x556da132d680;  1 drivers
v0x556da131b100_0 .net "B", 0 0, L_0x556da132d770;  1 drivers
v0x556da131b1c0_0 .net "Cin", 0 0, L_0x556da132d860;  1 drivers
v0x556da131b290_0 .net "Cout", 0 0, L_0x556da132d570;  1 drivers
v0x556da131b350_0 .net "S", 0 0, L_0x556da132d2e0;  1 drivers
v0x556da131b460_0 .net "c1", 0 0, L_0x556da132d3a0;  1 drivers
v0x556da131b520_0 .net "c2", 0 0, L_0x556da132d4b0;  1 drivers
v0x556da131b5e0_0 .net "s1", 0 0, L_0x556da132d270;  1 drivers
S_0x556da131b740 .scope module, "s2" "somador1bit" 5 14, 6 1 0, S_0x556da131a190;
 .timescale 0 0;
    .port_info 0 /OUTPUT 1 "S";
    .port_info 1 /OUTPUT 1 "Cout";
    .port_info 2 /INPUT 1 "A";
    .port_info 3 /INPUT 1 "B";
    .port_info 4 /INPUT 1 "Cin";
L_0x556da132d900 .functor XOR 1, L_0x556da132dd10, L_0x556da132ddb0, C4<0>, C4<0>;
L_0x556da132d970 .functor XOR 1, L_0x556da132d900, L_0x556da132de50, C4<0>, C4<0>;
L_0x556da132da30 .functor AND 1, L_0x556da132dd10, L_0x556da132ddb0, C4<1>, C4<1>;
L_0x556da132db40 .functor AND 1, L_0x556da132de50, L_0x556da132d900, C4<1>, C4<1>;
L_0x556da132dc00 .functor OR 1, L_0x556da132da30, L_0x556da132db40, C4<0>, C4<0>;
v0x556da131b9d0_0 .net "A", 0 0, L_0x556da132dd10;  1 drivers
v0x556da131ba90_0 .net "B", 0 0, L_0x556da132ddb0;  1 drivers
v0x556da131bb50_0 .net "Cin", 0 0, L_0x556da132de50;  1 drivers
v0x556da131bc20_0 .net "Cout", 0 0, L_0x556da132dc00;  1 drivers
v0x556da131bce0_0 .net "S", 0 0, L_0x556da132d970;  1 drivers
v0x556da131bdf0_0 .net "c1", 0 0, L_0x556da132da30;  1 drivers
v0x556da131beb0_0 .net "c2", 0 0, L_0x556da132db40;  1 drivers
v0x556da131bf70_0 .net "s1", 0 0, L_0x556da132d900;  1 drivers
S_0x556da131c0d0 .scope module, "s3" "somador1bit" 5 15, 6 1 0, S_0x556da131a190;
 .timescale 0 0;
    .port_info 0 /OUTPUT 1 "S";
    .port_info 1 /OUTPUT 1 "Cout";
    .port_info 2 /INPUT 1 "A";
    .port_info 3 /INPUT 1 "B";
    .port_info 4 /INPUT 1 "Cin";
L_0x556da132df90 .functor XOR 1, L_0x556da132e3a0, L_0x556da132e440, C4<0>, C4<0>;
L_0x556da132e000 .functor XOR 1, L_0x556da132df90, L_0x556da132e540, C4<0>, C4<0>;
L_0x556da132e0c0 .functor AND 1, L_0x556da132e3a0, L_0x556da132e440, C4<1>, C4<1>;
L_0x556da132e1d0 .functor AND 1, L_0x556da132e540, L_0x556da132df90, C4<1>, C4<1>;
L_0x556da132e290 .functor OR 1, L_0x556da132e0c0, L_0x556da132e1d0, C4<0>, C4<0>;
v0x556da131c330_0 .net "A", 0 0, L_0x556da132e3a0;  1 drivers
v0x556da131c410_0 .net "B", 0 0, L_0x556da132e440;  1 drivers
v0x556da131c4d0_0 .net "Cin", 0 0, L_0x556da132e540;  1 drivers
v0x556da131c5a0_0 .net "Cout", 0 0, L_0x556da132e290;  1 drivers
v0x556da131c660_0 .net "S", 0 0, L_0x556da132e000;  1 drivers
v0x556da131c770_0 .net "c1", 0 0, L_0x556da132e0c0;  1 drivers
v0x556da131c830_0 .net "c2", 0 0, L_0x556da132e1d0;  1 drivers
v0x556da131c8f0_0 .net "s1", 0 0, L_0x556da132df90;  1 drivers
S_0x556da131ca50 .scope module, "s4" "somador1bit" 5 16, 6 1 0, S_0x556da131a190;
 .timescale 0 0;
    .port_info 0 /OUTPUT 1 "S";
    .port_info 1 /OUTPUT 1 "Cout";
    .port_info 2 /INPUT 1 "A";
    .port_info 3 /INPUT 1 "B";
    .port_info 4 /INPUT 1 "Cin";
L_0x556da132e5e0 .functor XOR 1, L_0x556da132e930, L_0x556da132ea40, C4<0>, C4<0>;
L_0x556da132e650 .functor XOR 1, L_0x556da132e5e0, L_0x556da132eae0, C4<0>, C4<0>;
L_0x556da132e6c0 .functor AND 1, L_0x556da132e930, L_0x556da132ea40, C4<1>, C4<1>;
L_0x556da132e730 .functor AND 1, L_0x556da132eae0, L_0x556da132e5e0, C4<1>, C4<1>;
L_0x556da132e820 .functor OR 1, L_0x556da132e6c0, L_0x556da132e730, C4<0>, C4<0>;
v0x556da131cd00_0 .net "A", 0 0, L_0x556da132e930;  1 drivers
v0x556da131cde0_0 .net "B", 0 0, L_0x556da132ea40;  1 drivers
v0x556da131cea0_0 .net "Cin", 0 0, L_0x556da132eae0;  1 drivers
v0x556da131cf40_0 .net "Cout", 0 0, L_0x556da132e820;  1 drivers
v0x556da131d000_0 .net "S", 0 0, L_0x556da132e650;  1 drivers
v0x556da131d110_0 .net "c1", 0 0, L_0x556da132e6c0;  1 drivers
v0x556da131d1d0_0 .net "c2", 0 0, L_0x556da132e730;  1 drivers
v0x556da131d290_0 .net "s1", 0 0, L_0x556da132e5e0;  1 drivers
S_0x556da131d3f0 .scope module, "s5" "somador1bit" 5 17, 6 1 0, S_0x556da131a190;
 .timescale 0 0;
    .port_info 0 /OUTPUT 1 "S";
    .port_info 1 /OUTPUT 1 "Cout";
    .port_info 2 /INPUT 1 "A";
    .port_info 3 /INPUT 1 "B";
    .port_info 4 /INPUT 1 "Cin";
L_0x556da132e9d0 .functor XOR 1, L_0x556da132efb0, L_0x556da132f050, C4<0>, C4<0>;
L_0x556da132ec00 .functor XOR 1, L_0x556da132e9d0, L_0x556da132f180, C4<0>, C4<0>;
L_0x556da132ec70 .functor AND 1, L_0x556da132efb0, L_0x556da132f050, C4<1>, C4<1>;
L_0x556da132edb0 .functor AND 1, L_0x556da132f180, L_0x556da132e9d0, C4<1>, C4<1>;
L_0x556da132eea0 .functor OR 1, L_0x556da132ec70, L_0x556da132edb0, C4<0>, C4<0>;
v0x556da131d650_0 .net "A", 0 0, L_0x556da132efb0;  1 drivers
v0x556da131d730_0 .net "B", 0 0, L_0x556da132f050;  1 drivers
v0x556da131d7f0_0 .net "Cin", 0 0, L_0x556da132f180;  1 drivers
v0x556da131d8c0_0 .net "Cout", 0 0, L_0x556da132eea0;  1 drivers
v0x556da131d980_0 .net "S", 0 0, L_0x556da132ec00;  1 drivers
v0x556da131da90_0 .net "c1", 0 0, L_0x556da132ec70;  1 drivers
v0x556da131db50_0 .net "c2", 0 0, L_0x556da132edb0;  1 drivers
v0x556da131dc10_0 .net "s1", 0 0, L_0x556da132e9d0;  1 drivers
S_0x556da131dd70 .scope module, "s6" "somador1bit" 5 18, 6 1 0, S_0x556da131a190;
 .timescale 0 0;
    .port_info 0 /OUTPUT 1 "S";
    .port_info 1 /OUTPUT 1 "Cout";
    .port_info 2 /INPUT 1 "A";
    .port_info 3 /INPUT 1 "B";
    .port_info 4 /INPUT 1 "Cin";
L_0x556da132f220 .functor XOR 1, L_0x556da132fa80, L_0x556da132fb20, C4<0>, C4<0>;
L_0x556da132f290 .functor XOR 1, L_0x556da132f220, L_0x556da132f9e0, C4<0>, C4<0>;
L_0x556da132f380 .functor AND 1, L_0x556da132fa80, L_0x556da132fb20, C4<1>, C4<1>;
L_0x556da132f4c0 .functor AND 1, L_0x556da132f9e0, L_0x556da132f220, C4<1>, C4<1>;
L_0x556da132f5b0 .functor OR 1, L_0x556da132f380, L_0x556da132f4c0, C4<0>, C4<0>;
v0x556da131dfd0_0 .net "A", 0 0, L_0x556da132fa80;  1 drivers
v0x556da131e0b0_0 .net "B", 0 0, L_0x556da132fb20;  1 drivers
v0x556da131e170_0 .net "Cin", 0 0, L_0x556da132f9e0;  1 drivers
v0x556da131e240_0 .net "Cout", 0 0, L_0x556da132f5b0;  1 drivers
v0x556da131e300_0 .net "S", 0 0, L_0x556da132f290;  1 drivers
v0x556da131e410_0 .net "c1", 0 0, L_0x556da132f380;  1 drivers
v0x556da131e4d0_0 .net "c2", 0 0, L_0x556da132f4c0;  1 drivers
v0x556da131e590_0 .net "s1", 0 0, L_0x556da132f220;  1 drivers
S_0x556da131e6f0 .scope module, "s7" "somador1bit" 5 19, 6 1 0, S_0x556da131a190;
 .timescale 0 0;
    .port_info 0 /OUTPUT 1 "S";
    .port_info 1 /OUTPUT 1 "Cout";
    .port_info 2 /INPUT 1 "A";
    .port_info 3 /INPUT 1 "B";
    .port_info 4 /INPUT 1 "Cin";
L_0x556da132fc70 .functor XOR 1, L_0x556da13304b0, L_0x556da1330660, C4<0>, C4<0>;
L_0x556da132fce0 .functor XOR 1, L_0x556da132fc70, L_0x556da13308e0, C4<0>, C4<0>;
L_0x556da132fda0 .functor AND 1, L_0x556da13304b0, L_0x556da1330660, C4<1>, C4<1>;
L_0x556da132feb0 .functor AND 1, L_0x556da13308e0, L_0x556da132fc70, C4<1>, C4<1>;
L_0x556da132ff70 .functor OR 1, L_0x556da132fda0, L_0x556da132feb0, C4<0>, C4<0>;
v0x556da131e950_0 .net "A", 0 0, L_0x556da13304b0;  1 drivers
v0x556da131ea30_0 .net "B", 0 0, L_0x556da1330660;  1 drivers
v0x556da131eaf0_0 .net "Cin", 0 0, L_0x556da13308e0;  1 drivers
v0x556da131ebc0_0 .net "Cout", 0 0, L_0x556da132ff70;  alias, 1 drivers
v0x556da131ec80_0 .net "S", 0 0, L_0x556da132fce0;  1 drivers
v0x556da131ed90_0 .net "c1", 0 0, L_0x556da132fda0;  1 drivers
v0x556da131ee50_0 .net "c2", 0 0, L_0x556da132feb0;  1 drivers
v0x556da131ef10_0 .net "s1", 0 0, L_0x556da132fc70;  1 drivers
    .scope S_0x556da12d5830;
T_0 ;
    %wait E_0x556da12aa990;
    %load/vec4 v0x556da131fff0_0;
    %dup/vec4;
    %pushi/vec4 0, 0, 4;
    %cmp/u;
    %jmp/1 T_0.0, 6;
    %dup/vec4;
    %pushi/vec4 1, 0, 4;
    %cmp/u;
    %jmp/1 T_0.1, 6;
    %dup/vec4;
    %pushi/vec4 2, 0, 4;
    %cmp/u;
    %jmp/1 T_0.2, 6;
    %dup/vec4;
    %pushi/vec4 6, 0, 4;
    %cmp/u;
    %jmp/1 T_0.3, 6;
    %dup/vec4;
    %pushi/vec4 7, 0, 4;
    %cmp/u;
    %jmp/1 T_0.4, 6;
    %dup/vec4;
    %pushi/vec4 12, 0, 4;
    %cmp/u;
    %jmp/1 T_0.5, 6;
    %pushi/vec4 0, 0, 32;
    %store/vec4 v0x556da13202b0_0, 0, 32;
    %jmp T_0.7;
T_0.0 ;
    %load/vec4 v0x556da131fee0_0;
    %load/vec4 v0x556da13200b0_0;
    %and;
    %store/vec4 v0x556da13202b0_0, 0, 32;
    %jmp T_0.7;
T_0.1 ;
    %load/vec4 v0x556da131fee0_0;
    %load/vec4 v0x556da13200b0_0;
    %or;
    %store/vec4 v0x556da13202b0_0, 0, 32;
    %jmp T_0.7;
T_0.2 ;
    %load/vec4 v0x556da1320390_0;
    %store/vec4 v0x556da13202b0_0, 0, 32;
    %jmp T_0.7;
T_0.3 ;
    %load/vec4 v0x556da131fee0_0;
    %load/vec4 v0x556da13200b0_0;
    %sub;
    %store/vec4 v0x556da13202b0_0, 0, 32;
    %jmp T_0.7;
T_0.4 ;
    %load/vec4 v0x556da131fee0_0;
    %load/vec4 v0x556da13200b0_0;
    %cmp/u;
    %flag_get/vec4 5;
    %nor/r;
    %ix/load 4, 0, 0;
    %flag_set/imm 4, 0;
    %store/vec4 v0x556da13202b0_0, 4, 1;
    %jmp T_0.7;
T_0.5 ;
    %load/vec4 v0x556da131fee0_0;
    %load/vec4 v0x556da13200b0_0;
    %or;
    %inv;
    %store/vec4 v0x556da13202b0_0, 0, 32;
    %jmp T_0.7;
T_0.7 ;
    %pop/vec4 1;
    %jmp T_0;
    .thread T_0, $push;
    .scope S_0x556da12fdef0;
T_1 ;
    %vpi_call 2 12 "$dumpfile", "testeALU.vcd" {0 0 0};
    %vpi_call 2 13 "$dumpvars", 32'sb00000000000000000000000000000000, S_0x556da12fdef0 {0 0 0};
    %end;
    .thread T_1;
    .scope S_0x556da12fdef0;
T_2 ;
    %pushi/vec4 20, 0, 32;
    %store/vec4 v0x556da1320600_0, 0, 32;
    %pushi/vec4 10, 0, 32;
    %store/vec4 v0x556da13207a0_0, 0, 32;
    %pushi/vec4 1, 0, 4;
    %store/vec4 v0x556da13206e0_0, 0, 4;
    %delay 10, 0;
    %end;
    .thread T_2;
# The file index is used to find the file name in the following table.
:file_names 7;
    "N/A";
    "<interactive>";
    "teste.v";
    "ALU.v";
    "somador32bit.v";
    "somador8bit.v";
    "somador1bit.v";
